C:\USERS\ADMIN\DOCUMENTS\VISUAL STUDIO 2012\PROJECTS\炫舞斯巴达\炫舞斯巴达\DEBUG\ARROW.OBJ
C:\USERS\ADMIN\DOCUMENTS\VISUAL STUDIO 2012\PROJECTS\炫舞斯巴达\炫舞斯巴达\DEBUG\BACK.OBJ
C:\USERS\ADMIN\DOCUMENTS\VISUAL STUDIO 2012\PROJECTS\炫舞斯巴达\炫舞斯巴达\DEBUG\DANCEAPP.OBJ
C:\USERS\ADMIN\DOCUMENTS\VISUAL STUDIO 2012\PROJECTS\炫舞斯巴达\炫舞斯巴达\DEBUG\DOWNARROW.OBJ
C:\USERS\ADMIN\DOCUMENTS\VISUAL STUDIO 2012\PROJECTS\炫舞斯巴达\炫舞斯巴达\DEBUG\LEFTARROW.OBJ
C:\USERS\ADMIN\DOCUMENTS\VISUAL STUDIO 2012\PROJECTS\炫舞斯巴达\炫舞斯巴达\DEBUG\RIGHTARROW.OBJ
C:\USERS\ADMIN\DOCUMENTS\VISUAL STUDIO 2012\PROJECTS\炫舞斯巴达\炫舞斯巴达\DEBUG\UPARROW.OBJ
C:\USERS\ADMIN\DOCUMENTS\VISUAL STUDIO 2012\PROJECTS\炫舞斯巴达\炫舞斯巴达\DEBUG\WINMAIN.OBJ
C:\USERS\ADMIN\DOCUMENTS\VISUAL STUDIO 2012\PROJECTS\炫舞斯巴达\炫舞斯巴达\DEBUG\VC110.PDB
C:\USERS\ADMIN\DOCUMENTS\VISUAL STUDIO 2012\PROJECTS\炫舞斯巴达\炫舞斯巴达\DEBUG\炫舞斯巴达.RES
C:\Users\admin\Documents\Visual Studio 2012\Projects\炫舞斯巴达\炫舞斯巴达\Debug\Arrow.obj
C:\Users\admin\Documents\Visual Studio 2012\Projects\炫舞斯巴达\炫舞斯巴达\Debug\Back.obj
C:\Users\admin\Documents\Visual Studio 2012\Projects\炫舞斯巴达\炫舞斯巴达\Debug\DanceApp.obj
C:\Users\admin\Documents\Visual Studio 2012\Projects\炫舞斯巴达\炫舞斯巴达\Debug\DownArrow.obj
C:\Users\admin\Documents\Visual Studio 2012\Projects\炫舞斯巴达\炫舞斯巴达\Debug\LeftArrow.obj
C:\Users\admin\Documents\Visual Studio 2012\Projects\炫舞斯巴达\炫舞斯巴达\Debug\RightArrow.obj
C:\Users\admin\Documents\Visual Studio 2012\Projects\炫舞斯巴达\炫舞斯巴达\Debug\UpArrow.obj
C:\Users\admin\Documents\Visual Studio 2012\Projects\炫舞斯巴达\炫舞斯巴达\Debug\WinMain.obj
C:\Users\admin\Documents\Visual Studio 2012\Projects\炫舞斯巴达\炫舞斯巴达\Debug\cl.command.1.tlog
C:\Users\admin\Documents\Visual Studio 2012\Projects\炫舞斯巴达\炫舞斯巴达\Debug\CL.read.1.tlog
C:\Users\admin\Documents\Visual Studio 2012\Projects\炫舞斯巴达\炫舞斯巴达\Debug\CL.write.1.tlog
C:\Users\admin\Documents\Visual Studio 2012\Projects\炫舞斯巴达\炫舞斯巴达\Debug\link-cvtres.read.1.tlog
C:\Users\admin\Documents\Visual Studio 2012\Projects\炫舞斯巴达\炫舞斯巴达\Debug\link-cvtres.write.1.tlog
C:\Users\admin\Documents\Visual Studio 2012\Projects\炫舞斯巴达\炫舞斯巴达\Debug\link-rc.read.1.tlog
C:\Users\admin\Documents\Visual Studio 2012\Projects\炫舞斯巴达\炫舞斯巴达\Debug\link-rc.write.1.tlog
C:\Users\admin\Documents\Visual Studio 2012\Projects\炫舞斯巴达\炫舞斯巴达\Debug\link.command.1.tlog
C:\Users\admin\Documents\Visual Studio 2012\Projects\炫舞斯巴达\炫舞斯巴达\Debug\link.read.1.tlog
C:\Users\admin\Documents\Visual Studio 2012\Projects\炫舞斯巴达\炫舞斯巴达\Debug\link.write.1.tlog
C:\Users\admin\Documents\Visual Studio 2012\Projects\炫舞斯巴达\炫舞斯巴达\Debug\rc.command.1.tlog
C:\Users\admin\Documents\Visual Studio 2012\Projects\炫舞斯巴达\炫舞斯巴达\Debug\rc.read.1.tlog
C:\Users\admin\Documents\Visual Studio 2012\Projects\炫舞斯巴达\炫舞斯巴达\Debug\rc.write.1.tlog
C:\Users\admin\Documents\Visual Studio 2012\Projects\炫舞斯巴达\炫舞斯巴达\Debug\炫舞斯巴达.res
C:\Users\admin\Documents\Visual Studio 2012\Projects\炫舞斯巴达\炫舞斯巴达\Debug\vc110.idb
C:\Users\admin\Documents\Visual Studio 2012\Projects\炫舞斯巴达\炫舞斯巴达\Debug\vc110.pdb
C:\Users\admin\Documents\Visual Studio 2012\Projects\炫舞斯巴达\Debug\炫舞斯巴达.pdb
